# JRE version: OpenJDK Runtime Environment Microsoft-13877171 (21.0.11+10) (build 21.0.11+10-LTS)
# Java VM: OpenJDK 64-Bit Server VM Microsoft-13877171 (21.0.11+10-LTS, mixed mode, sharing, tiered, compressed oops, compressed class ptrs, g1 gc, windows-amd64)
GC Precious Log:
 CardTable entry size: 512
 Card Set container configuration: InlinePtr #cards 5 size 8 Array Of Cards #cards 12 size 40 Howl #buckets 4 coarsen threshold 1843 Howl Bitmap #cards 512 size 80 coarsen threshold 460 Card regions per heap region 1 cards per card region 2048
 CPUs: 8 total, 8 available
 Memory: 8038M
 Large Page Support: Disabled
 NUMA Support: Disabled
 Compressed Oops: Enabled (32-bit)
 Heap Region Size: 1M
 Heap Min Capacity: 256M
 Heap Initial Capacity: 256M
 Heap Max Capacity: 512M
 Pre-touch: Disabled
 Parallel Workers: 8
 Concurrent Workers: 2
 Concurrent Refinement Workers: 8
 Periodic GC: Disabled
Heap:
 garbage-first heap   total 271360K, used 193184K [0x00000000e0000000, 0x0000000100000000)
  region size 1024K, 45 young (46080K), 5 survivors (5120K)
 Metaspace       used 206103K, committed 208000K, reserved 524288K
  class space    used 25983K, committed 26752K, reserved 327680K
GC Heap History (20 events):
Event: 38.184 GC heap before
{Heap before GC invocations=15 (full 0):
 garbage-first heap   total 262144K, used 109411K [0x00000000e0000000, 0x0000000100000000)
  region size 1024K, 25 young (25600K), 12 survivors (12288K)
 Metaspace       used 100238K, committed 102848K, reserved 458752K
  class space    used 14538K, committed 15808K, reserved 327680K
}
Event: 38.190 GC heap after
{Heap after GC invocations=16 (full 0):
 garbage-first heap   total 262144K, used 98304K [0x00000000e0000000, 0x0000000100000000)
  region size 1024K, 2 young (2048K), 2 survivors (2048K)
 Metaspace       used 100238K, committed 102848K, reserved 458752K
  class space    used 14538K, committed 15808K, reserved 327680K
}
Event: 40.579 GC heap before
{Heap before GC invocations=17 (full 0):
 garbage-first heap   total 262144K, used 232448K [0x00000000e0000000, 0x0000000100000000)
  region size 1024K, 134 young (137216K), 2 survivors (2048K)
 Metaspace       used 122519K, committed 125184K, reserved 458752K
  class space    used 16883K, committed 18176K, reserved 327680K
}
Event: 40.587 GC heap after
{Heap after GC invocations=18 (full 0):
 garbage-first heap   total 262144K, used 108415K [0x00000000e0000000, 0x0000000100000000)
  region size 1024K, 12 young (12288K), 12 survivors (12288K)
 Metaspace       used 122519K, committed 125184K, reserved 458752K
  class space    used 16883K, committed 18176K, reserved 327680K
}
Event: 42.140 GC heap before
{Heap before GC invocations=18 (full 0):
 garbage-first heap   total 262144K, used 233343K [0x00000000e0000000, 0x0000000100000000)
  region size 1024K, 133 young (136192K), 12 survivors (12288K)
 Metaspace       used 133109K, committed 135808K, reserved 458752K
  class space    used 18057K, committed 19328K, reserved 327680K
}
Event: 42.160 GC heap after
{Heap after GC invocations=19 (full 0):
 garbage-first heap   total 271360K, used 132379K [0x00000000e0000000, 0x0000000100000000)
  region size 1024K, 17 young (17408K), 17 survivors (17408K)
 Metaspace       used 133109K, committed 135808K, reserved 458752K
  class space    used 18057K, committed 19328K, reserved 327680K
}
Event: 44.007 GC heap before
{Heap before GC invocations=19 (full 0):
 garbage-first heap   total 271360K, used 235803K [0x00000000e0000000, 0x0000000100000000)
  region size 1024K, 119 young (121856K), 17 survivors (17408K)
 Metaspace       used 147519K, committed 150272K, reserved 458752K
  class space    used 19331K, committed 20608K, reserved 327680K
}
Event: 44.019 GC heap after
{Heap after GC invocations=20 (full 0):
 garbage-first heap   total 271360K, used 143228K [0x00000000e0000000, 0x0000000100000000)
  region size 1024K, 10 young (10240K), 10 survivors (10240K)
 Metaspace       used 147519K, committed 150272K, reserved 458752K
  class space    used 19331K, committed 20608K, reserved 327680K
}
Event: 495.102 GC heap before
{Heap before GC invocations=21 (full 0):
 garbage-first heap   total 271360K, used 239484K [0x00000000e0000000, 0x0000000100000000)
  region size 1024K, 105 young (107520K), 10 survivors (10240K)
 Metaspace       used 158361K, committed 161152K, reserved 524288K
  class space    used 20520K, committed 21888K, reserved 327680K
}
Event: 495.213 GC heap after
{Heap after GC invocations=22 (full 0):
 garbage-first heap   total 271360K, used 148513K [0x00000000e0000000, 0x0000000100000000)
  region size 1024K, 6 young (6144K), 6 survivors (6144K)
 Metaspace       used 158361K, committed 161152K, reserved 524288K
  class space    used 20520K, committed 21888K, reserved 327680K
}
Event: 2358.023 GC heap before
{Heap before GC invocations=22 (full 0):
 garbage-first heap   total 271360K, used 243745K [0x00000000e0000000, 0x0000000100000000)
  region size 1024K, 100 young (102400K), 6 survivors (6144K)
 Metaspace       used 164115K, committed 166912K, reserved 524288K
  class space    used 21173K, committed 22464K, reserved 327680K
}
Event: 2358.071 GC heap after
{Heap after GC invocations=23 (full 0):
 garbage-first heap   total 271360K, used 152334K [0x00000000e0000000, 0x0000000100000000)
  region size 1024K, 10 young (10240K), 10 survivors (10240K)
 Metaspace       used 164115K, committed 166912K, reserved 524288K
  class space    used 21173K, committed 22464K, reserved 327680K
}
Event: 2360.978 GC heap before
{Heap before GC invocations=23 (full 0):
 garbage-first heap   total 271360K, used 181006K [0x00000000e0000000, 0x0000000100000000)
  region size 1024K, 40 young (40960K), 10 survivors (10240K)
 Metaspace       used 166628K, committed 169408K, reserved 524288K
  class space    used 21379K, committed 22720K, reserved 327680K
}
Event: 2361.011 GC heap after
{Heap after GC invocations=24 (full 0):
 garbage-first heap   total 271360K, used 156339K [0x00000000e0000000, 0x0000000100000000)
  region size 1024K, 9 young (9216K), 9 survivors (9216K)
 Metaspace       used 166628K, committed 169408K, reserved 524288K
  class space    used 21379K, committed 22720K, reserved 327680K
}
Event: 2366.687 GC heap before
{Heap before GC invocations=25 (full 0):
 garbage-first heap   total 271360K, used 245427K [0x00000000e0000000, 0x0000000100000000)
  region size 1024K, 95 young (97280K), 9 survivors (9216K)
 Metaspace       used 182955K, committed 184704K, reserved 524288K
  class space    used 23581K, committed 24448K, reserved 327680K
}
Event: 2366.749 GC heap after
{Heap after GC invocations=26 (full 0):
 garbage-first heap   total 271360K, used 158970K [0x00000000e0000000, 0x0000000100000000)
  region size 1024K, 8 young (8192K), 8 survivors (8192K)
 Metaspace       used 182955K, committed 184704K, reserved 524288K
  class space    used 23581K, committed 24448K, reserved 327680K
}
Event: 2369.635 GC heap before
{Heap before GC invocations=26 (full 0):
 garbage-first heap   total 271360K, used 246010K [0x00000000e0000000, 0x0000000100000000)
  region size 1024K, 94 young (96256K), 8 survivors (8192K)
 Metaspace       used 197693K, committed 199296K, reserved 524288K
  class space    used 25129K, committed 25856K, reserved 327680K
}
Event: 2369.680 GC heap after
{Heap after GC invocations=27 (full 0):
 garbage-first heap   total 271360K, used 161105K [0x00000000e0000000, 0x0000000100000000)
  region size 1024K, 11 young (11264K), 11 survivors (11264K)
 Metaspace       used 197693K, committed 199296K, reserved 524288K
  class space    used 25129K, committed 25856K, reserved 327680K
}
Event: 2371.074 GC heap before
{Heap before GC invocations=27 (full 0):
 garbage-first heap   total 271360K, used 204113K [0x00000000e0000000, 0x0000000100000000)
  region size 1024K, 55 young (56320K), 11 survivors (11264K)
 Metaspace       used 204842K, committed 206400K, reserved 524288K
  class space    used 25871K, committed 26560K, reserved 327680K
}
Event: 2371.125 GC heap after
{Heap after GC invocations=28 (full 0):
 garbage-first heap   total 271360K, used 166560K [0x00000000e0000000, 0x0000000100000000)
  region size 1024K, 5 young (5120K), 5 survivors (5120K)
 Metaspace       used 204842K, committed 206400K, reserved 524288K
  class space    used 25871K, committed 26560K, reserved 327680K
}

